<?xml version="1.0" encoding="UTF-8"?>
<!-- Generated by org.testng.reporters.JUnitReportReporter -->
<testsuite hostname="Anithas-MBP" failures="0" tests="3" name="testcases.SeleniumLoginTest" time="50.539" errors="0" timestamp="2022-09-17T21:54:25 AEST" skipped="0">
  <testcase classname="testcases.SeleniumLoginTest" name="Test2" time="17.636"/>
  <system-out/>
  <testcase classname="testcases.SeleniumLoginTest" name="Test1" time="16.104"/>
  <system-out/>
  <testcase classname="testcases.SeleniumLoginTest" name="Test3" time="16.799"/>
  <system-out/>
</testsuite> <!-- testcases.SeleniumLoginTest -->
