<?xml version="1.0" encoding="UTF-8"?>
<!-- Generated by org.testng.reporters.JUnitReportReporter -->
<testsuite hostname="Anithas-MBP" failures="0" tests="1" name="testcases.HomeTest" time="0.000" errors="0" timestamp="2022-09-17T14:33:45 AEST" skipped="1">
  <testcase classname="testcases.HomeTest" name="test1" time="0.000">
    <skipped/>
  </testcase> <!-- test1 -->
  <system-out/>
</testsuite> <!-- testcases.HomeTest -->
