<?xml version="1.0" encoding="UTF-8"?>
<!-- Generated by org.testng.reporters.JUnitReportReporter -->
<testsuite hostname="Anithas-MBP" failures="0" tests="1" name="com.simplilearn.Selenium_Maven.SeleniumLoginTest" time="18.922" errors="0" timestamp="2022-09-10T14:09:15 AEST" skipped="0">
  <testcase classname="com.simplilearn.Selenium_Maven.SeleniumLoginTest" name="Test1" time="18.922"/>
  <system-out/>
</testsuite> <!-- com.simplilearn.Selenium_Maven.SeleniumLoginTest -->
